<?xml version="1.0" encoding="UTF-8"?>
<testsuites>
  <testsuite>
    
      
        
          <testcase classname="files.demo.js.scripts" name="scripts.js:2:4">
            <failure message="2:4: Missing 'use strict' statement." />
          </testcase>
        
          <testcase classname="files.demo.js.scripts" name="scripts.js:2:21">
            <failure message="2:21: Expected ';' and instead saw '}'." />
          </testcase>
        
      
    
  </testsuite>
</testsuites>